
=== Thu Mar 13 14:18:01 2025

Packages were changed.
Update Mode: updateDependencies

The following packages were updated:
  com.unity.2d.animation from version 3.2.6 to 10.1.4
  com.unity.2d.pixel-perfect from version 2.1.0 to 5.0.3
  com.unity.2d.psdimporter from version 2.1.6 to 9.0.3
  com.unity.2d.spriteshape from version 3.0.14 to 10.0.7
  com.unity.collab-proxy from version 1.2.16 to 2.5.2
  com.unity.ide.rider from version 1.1.4 to 3.0.31
  com.unity.test-framework from version 1.1.20 to 1.4.5
  com.unity.timeline from version 1.2.17 to 1.8.7
  com.unity.ugui from version 1.0.0 to 2.0.0
The following packages were removed:
  com.unity.textmeshpro@2.1.1

=== Thu Mar 13 14:18:01 2025

Packages were changed.
Update Mode: mergeDefaultDependencies

The following packages were added:
  com.unity.2d.animation@10.1.4
  com.unity.2d.pixel-perfect@5.0.3
  com.unity.2d.psdimporter@9.0.3
  com.unity.2d.sprite@1.0.0
  com.unity.2d.spriteshape@10.0.7
  com.unity.2d.tilemap@1.0.0
  com.unity.ide.vscode@1.2.3
